<?xml version="1.0" encoding="UTF-8"?>
<!-- Generated by org.testng.reporters.JUnitReportReporter -->
<testsuite hostname="DESKTOP-R1L0ULN" failures="0" tests="4" name="loginTestCase.Login2" time="36.697" errors="0" timestamp="2022-12-12T22:33:42 IST" skipped="0">
  <testcase classname="loginTestCase.Login2" name="login_Scenario" time="5.298"/>
  <system-out/>
  <testcase classname="loginTestCase.Login2" name="login_Scenario" time="21.136"/>
  <system-out/>
  <testcase classname="loginTestCase.Login2" name="login_Scenario" time="4.923"/>
  <system-out/>
  <testcase classname="loginTestCase.Login2" name="login_Scenario" time="5.340"/>
  <system-out/>
</testsuite> <!-- loginTestCase.Login2 -->
