<?xml version="1.0" encoding="UTF-8"?>
<!-- Generated by org.testng.reporters.JUnitReportReporter -->
<testsuite hostname="DESKTOP-R1L0ULN" failures="0" tests="4" name="loginTestCase.Login" time="42.570" errors="0" timestamp="2022-12-08T11:15:46 IST" skipped="0">
  <testcase classname="loginTestCase.Login" name="login_Scenario" time="10.753"/>
  <system-out/>
  <testcase classname="loginTestCase.Login" name="login_Scenario" time="7.690"/>
  <system-out/>
  <testcase classname="loginTestCase.Login" name="login_Scenario" time="11.168"/>
  <system-out/>
  <testcase classname="loginTestCase.Login" name="login_Scenario" time="12.959"/>
  <system-out/>
</testsuite> <!-- loginTestCase.Login -->
